The system is: Linux - 2.6.32-696.28.1.el6.x86_64 - x86_64
Compiling the C compiler identification source file "CMakeCCompilerId.c" succeeded.
Compiler: /usr/bin/cc 
Build flags: 
Id flags: 

The output was:
0


Compilation of the C compiler identification source "CMakeCCompilerId.c" produced "a.out"

The C compiler identification is GNU, found in "/NIRAL/work/mahmoudm/Subcortical_Processing/Code/GeodesicsOnMeshes/bin/CMakeFiles/3.5.1/CompilerIdC/a.out"

Compiling the CXX compiler identification source file "CMakeCXXCompilerId.cpp" succeeded.
Compiler: /usr/bin/c++ 
Build flags: 
Id flags: 

The output was:
0


Compilation of the CXX compiler identification source "CMakeCXXCompilerId.cpp" produced "a.out"

The CXX compiler identification is GNU, found in "/NIRAL/work/mahmoudm/Subcortical_Processing/Code/GeodesicsOnMeshes/bin/CMakeFiles/3.5.1/CompilerIdCXX/a.out"

Determining if the C compiler works passed with the following output:
Change Dir: /NIRAL/work/mahmoudm/Subcortical_Processing/Code/GeodesicsOnMeshes/bin//CMakeFiles/CMakeTmp

Run Build Command:"/usr/bin/gmake" "cmTC_8ad3d/fast"
/usr/bin/gmake -f CMakeFiles/cmTC_8ad3d.dir/build.make CMakeFiles/cmTC_8ad3d.dir/build
gmake[1]: Entering directory `/NIRAL/work/mahmoudm/Subcortical_Processing/Code/GeodesicsOnMeshes/bin/CMakeFiles/CMakeTmp'
Building C object CMakeFiles/cmTC_8ad3d.dir/testCCompiler.c.o
cd /work/mahmoudm/Subcortical_Processing/Code/GeodesicsOnMeshes/bin/CMakeFiles/CMakeTmp && /usr/bin/cc     -o CMakeFiles/cmTC_8ad3d.dir/testCCompiler.c.o   -c /work/mahmoudm/Subcortical_Processing/Code/GeodesicsOnMeshes/bin/CMakeFiles/CMakeTmp/testCCompiler.c
Linking C executable cmTC_8ad3d
cd /work/mahmoudm/Subcortical_Processing/Code/GeodesicsOnMeshes/bin/CMakeFiles/CMakeTmp && /NIRAL/tools/CMake/cmake-3.5.1/bin/cmake -E cmake_link_script CMakeFiles/cmTC_8ad3d.dir/link.txt --verbose=1
/usr/bin/cc       CMakeFiles/cmTC_8ad3d.dir/testCCompiler.c.o  -o cmTC_8ad3d -rdynamic 
gmake[1]: Leaving directory `/NIRAL/work/mahmoudm/Subcortical_Processing/Code/GeodesicsOnMeshes/bin/CMakeFiles/CMakeTmp'


Detecting C compiler ABI info compiled with the following output:
Change Dir: /NIRAL/work/mahmoudm/Subcortical_Processing/Code/GeodesicsOnMeshes/bin//CMakeFiles/CMakeTmp

Run Build Command:"/usr/bin/gmake" "cmTC_897ef/fast"
/usr/bin/gmake -f CMakeFiles/cmTC_897ef.dir/build.make CMakeFiles/cmTC_897ef.dir/build
gmake[1]: Entering directory `/NIRAL/work/mahmoudm/Subcortical_Processing/Code/GeodesicsOnMeshes/bin/CMakeFiles/CMakeTmp'
Building C object CMakeFiles/cmTC_897ef.dir/CMakeCCompilerABI.c.o
cd /work/mahmoudm/Subcortical_Processing/Code/GeodesicsOnMeshes/bin/CMakeFiles/CMakeTmp && /usr/bin/cc     -o CMakeFiles/cmTC_897ef.dir/CMakeCCompilerABI.c.o   -c /NIRAL/tools/CMake/cmake-3.5.1/share/cmake-3.5/Modules/CMakeCCompilerABI.c
Linking C executable cmTC_897ef
cd /work/mahmoudm/Subcortical_Processing/Code/GeodesicsOnMeshes/bin/CMakeFiles/CMakeTmp && /NIRAL/tools/CMake/cmake-3.5.1/bin/cmake -E cmake_link_script CMakeFiles/cmTC_897ef.dir/link.txt --verbose=1
/usr/bin/cc      -v CMakeFiles/cmTC_897ef.dir/CMakeCCompilerABI.c.o  -o cmTC_897ef -rdynamic  
Using built-in specs.
Target: x86_64-redhat-linux
Configured with: ../configure --prefix=/usr --mandir=/usr/share/man --infodir=/usr/share/info --with-bugurl=http://bugzilla.redhat.com/bugzilla --enable-bootstrap --enable-shared --enable-threads=posix --enable-checking=release --with-system-zlib --enable-__cxa_atexit --disable-libunwind-exceptions --enable-gnu-unique-object --enable-languages=c,c++,objc,obj-c++,java,fortran,ada --enable-java-awt=gtk --disable-dssi --with-java-home=/usr/lib/jvm/java-1.5.0-gcj-1.5.0.0/jre --enable-libgcj-multifile --enable-java-maintainer-mode --with-ecj-jar=/usr/share/java/eclipse-ecj.jar --disable-libjava-multilib --with-ppl --with-cloog --with-tune=generic --with-arch_32=i686 --build=x86_64-redhat-linux
Thread model: posix
gcc version 4.4.7 20120313 (Red Hat 4.4.7-23) (GCC) 
COMPILER_PATH=/usr/libexec/gcc/x86_64-redhat-linux/4.4.7/:/usr/libexec/gcc/x86_64-redhat-linux/4.4.7/:/usr/libexec/gcc/x86_64-redhat-linux/:/usr/lib/gcc/x86_64-redhat-linux/4.4.7/:/usr/lib/gcc/x86_64-redhat-linux/:/usr/libexec/gcc/x86_64-redhat-linux/4.4.7/:/usr/libexec/gcc/x86_64-redhat-linux/:/usr/lib/gcc/x86_64-redhat-linux/4.4.7/:/usr/lib/gcc/x86_64-redhat-linux/
LIBRARY_PATH=/usr/lib/gcc/x86_64-redhat-linux/4.4.7/:/usr/lib/gcc/x86_64-redhat-linux/4.4.7/:/usr/lib/gcc/x86_64-redhat-linux/4.4.7/../../../../lib64/:/lib/../lib64/:/usr/lib/../lib64/:/usr/lib/gcc/x86_64-redhat-linux/4.4.7/../../../:/lib/:/usr/lib/
COLLECT_GCC_OPTIONS='-v' '-o' 'cmTC_897ef' '-rdynamic' '-mtune=generic'
 /usr/libexec/gcc/x86_64-redhat-linux/4.4.7/collect2 --eh-frame-hdr --build-id -m elf_x86_64 --hash-style=gnu -export-dynamic -dynamic-linker /lib64/ld-linux-x86-64.so.2 -o cmTC_897ef /usr/lib/gcc/x86_64-redhat-linux/4.4.7/../../../../lib64/crt1.o /usr/lib/gcc/x86_64-redhat-linux/4.4.7/../../../../lib64/crti.o /usr/lib/gcc/x86_64-redhat-linux/4.4.7/crtbegin.o -L/usr/lib/gcc/x86_64-redhat-linux/4.4.7 -L/usr/lib/gcc/x86_64-redhat-linux/4.4.7 -L/usr/lib/gcc/x86_64-redhat-linux/4.4.7/../../../../lib64 -L/lib/../lib64 -L/usr/lib/../lib64 -L/usr/lib/gcc/x86_64-redhat-linux/4.4.7/../../.. CMakeFiles/cmTC_897ef.dir/CMakeCCompilerABI.c.o -lgcc --as-needed -lgcc_s --no-as-needed -lc -lgcc --as-needed -lgcc_s --no-as-needed /usr/lib/gcc/x86_64-redhat-linux/4.4.7/crtend.o /usr/lib/gcc/x86_64-redhat-linux/4.4.7/../../../../lib64/crtn.o
gmake[1]: Leaving directory `/NIRAL/work/mahmoudm/Subcortical_Processing/Code/GeodesicsOnMeshes/bin/CMakeFiles/CMakeTmp'


Parsed C implicit link information from above output:
  link line regex: [^( *|.*[/\])(ld|([^/\]+-)?ld|collect2)[^/\]*( |$)]
  ignore line: [Change Dir: /NIRAL/work/mahmoudm/Subcortical_Processing/Code/GeodesicsOnMeshes/bin//CMakeFiles/CMakeTmp]
  ignore line: []
  ignore line: [Run Build Command:"/usr/bin/gmake" "cmTC_897ef/fast"]
  ignore line: [/usr/bin/gmake -f CMakeFiles/cmTC_897ef.dir/build.make CMakeFiles/cmTC_897ef.dir/build]
  ignore line: [gmake[1]: Entering directory `/NIRAL/work/mahmoudm/Subcortical_Processing/Code/GeodesicsOnMeshes/bin/CMakeFiles/CMakeTmp']
  ignore line: [Building C object CMakeFiles/cmTC_897ef.dir/CMakeCCompilerABI.c.o]
  ignore line: [cd /work/mahmoudm/Subcortical_Processing/Code/GeodesicsOnMeshes/bin/CMakeFiles/CMakeTmp && /usr/bin/cc     -o CMakeFiles/cmTC_897ef.dir/CMakeCCompilerABI.c.o   -c /NIRAL/tools/CMake/cmake-3.5.1/share/cmake-3.5/Modules/CMakeCCompilerABI.c]
  ignore line: [Linking C executable cmTC_897ef]
  ignore line: [cd /work/mahmoudm/Subcortical_Processing/Code/GeodesicsOnMeshes/bin/CMakeFiles/CMakeTmp && /NIRAL/tools/CMake/cmake-3.5.1/bin/cmake -E cmake_link_script CMakeFiles/cmTC_897ef.dir/link.txt --verbose=1]
  ignore line: [/usr/bin/cc      -v CMakeFiles/cmTC_897ef.dir/CMakeCCompilerABI.c.o  -o cmTC_897ef -rdynamic  ]
  ignore line: [Using built-in specs.]
  ignore line: [Target: x86_64-redhat-linux]
  ignore line: [Configured with: ../configure --prefix=/usr --mandir=/usr/share/man --infodir=/usr/share/info --with-bugurl=http://bugzilla.redhat.com/bugzilla --enable-bootstrap --enable-shared --enable-threads=posix --enable-checking=release --with-system-zlib --enable-__cxa_atexit --disable-libunwind-exceptions --enable-gnu-unique-object --enable-languages=c,c++,objc,obj-c++,java,fortran,ada --enable-java-awt=gtk --disable-dssi --with-java-home=/usr/lib/jvm/java-1.5.0-gcj-1.5.0.0/jre --enable-libgcj-multifile --enable-java-maintainer-mode --with-ecj-jar=/usr/share/java/eclipse-ecj.jar --disable-libjava-multilib --with-ppl --with-cloog --with-tune=generic --with-arch_32=i686 --build=x86_64-redhat-linux]
  ignore line: [Thread model: posix]
  ignore line: [gcc version 4.4.7 20120313 (Red Hat 4.4.7-23) (GCC) ]
  ignore line: [COMPILER_PATH=/usr/libexec/gcc/x86_64-redhat-linux/4.4.7/:/usr/libexec/gcc/x86_64-redhat-linux/4.4.7/:/usr/libexec/gcc/x86_64-redhat-linux/:/usr/lib/gcc/x86_64-redhat-linux/4.4.7/:/usr/lib/gcc/x86_64-redhat-linux/:/usr/libexec/gcc/x86_64-redhat-linux/4.4.7/:/usr/libexec/gcc/x86_64-redhat-linux/:/usr/lib/gcc/x86_64-redhat-linux/4.4.7/:/usr/lib/gcc/x86_64-redhat-linux/]
  ignore line: [LIBRARY_PATH=/usr/lib/gcc/x86_64-redhat-linux/4.4.7/:/usr/lib/gcc/x86_64-redhat-linux/4.4.7/:/usr/lib/gcc/x86_64-redhat-linux/4.4.7/../../../../lib64/:/lib/../lib64/:/usr/lib/../lib64/:/usr/lib/gcc/x86_64-redhat-linux/4.4.7/../../../:/lib/:/usr/lib/]
  ignore line: [COLLECT_GCC_OPTIONS='-v' '-o' 'cmTC_897ef' '-rdynamic' '-mtune=generic']
  link line: [ /usr/libexec/gcc/x86_64-redhat-linux/4.4.7/collect2 --eh-frame-hdr --build-id -m elf_x86_64 --hash-style=gnu -export-dynamic -dynamic-linker /lib64/ld-linux-x86-64.so.2 -o cmTC_897ef /usr/lib/gcc/x86_64-redhat-linux/4.4.7/../../../../lib64/crt1.o /usr/lib/gcc/x86_64-redhat-linux/4.4.7/../../../../lib64/crti.o /usr/lib/gcc/x86_64-redhat-linux/4.4.7/crtbegin.o -L/usr/lib/gcc/x86_64-redhat-linux/4.4.7 -L/usr/lib/gcc/x86_64-redhat-linux/4.4.7 -L/usr/lib/gcc/x86_64-redhat-linux/4.4.7/../../../../lib64 -L/lib/../lib64 -L/usr/lib/../lib64 -L/usr/lib/gcc/x86_64-redhat-linux/4.4.7/../../.. CMakeFiles/cmTC_897ef.dir/CMakeCCompilerABI.c.o -lgcc --as-needed -lgcc_s --no-as-needed -lc -lgcc --as-needed -lgcc_s --no-as-needed /usr/lib/gcc/x86_64-redhat-linux/4.4.7/crtend.o /usr/lib/gcc/x86_64-redhat-linux/4.4.7/../../../../lib64/crtn.o]
    arg [/usr/libexec/gcc/x86_64-redhat-linux/4.4.7/collect2] ==> ignore
    arg [--eh-frame-hdr] ==> ignore
    arg [--build-id] ==> ignore
    arg [-m] ==> ignore
    arg [elf_x86_64] ==> ignore
    arg [--hash-style=gnu] ==> ignore
    arg [-export-dynamic] ==> ignore
    arg [-dynamic-linker] ==> ignore
    arg [/lib64/ld-linux-x86-64.so.2] ==> ignore
    arg [-o] ==> ignore
    arg [cmTC_897ef] ==> ignore
    arg [/usr/lib/gcc/x86_64-redhat-linux/4.4.7/../../../../lib64/crt1.o] ==> ignore
    arg [/usr/lib/gcc/x86_64-redhat-linux/4.4.7/../../../../lib64/crti.o] ==> ignore
    arg [/usr/lib/gcc/x86_64-redhat-linux/4.4.7/crtbegin.o] ==> ignore
    arg [-L/usr/lib/gcc/x86_64-redhat-linux/4.4.7] ==> dir [/usr/lib/gcc/x86_64-redhat-linux/4.4.7]
    arg [-L/usr/lib/gcc/x86_64-redhat-linux/4.4.7] ==> dir [/usr/lib/gcc/x86_64-redhat-linux/4.4.7]
    arg [-L/usr/lib/gcc/x86_64-redhat-linux/4.4.7/../../../../lib64] ==> dir [/usr/lib/gcc/x86_64-redhat-linux/4.4.7/../../../../lib64]
    arg [-L/lib/../lib64] ==> dir [/lib/../lib64]
    arg [-L/usr/lib/../lib64] ==> dir [/usr/lib/../lib64]
    arg [-L/usr/lib/gcc/x86_64-redhat-linux/4.4.7/../../..] ==> dir [/usr/lib/gcc/x86_64-redhat-linux/4.4.7/../../..]
    arg [CMakeFiles/cmTC_897ef.dir/CMakeCCompilerABI.c.o] ==> ignore
    arg [-lgcc] ==> lib [gcc]
    arg [--as-needed] ==> ignore
    arg [-lgcc_s] ==> lib [gcc_s]
    arg [--no-as-needed] ==> ignore
    arg [-lc] ==> lib [c]
    arg [-lgcc] ==> lib [gcc]
    arg [--as-needed] ==> ignore
    arg [-lgcc_s] ==> lib [gcc_s]
    arg [--no-as-needed] ==> ignore
    arg [/usr/lib/gcc/x86_64-redhat-linux/4.4.7/crtend.o] ==> ignore
    arg [/usr/lib/gcc/x86_64-redhat-linux/4.4.7/../../../../lib64/crtn.o] ==> ignore
  remove lib [gcc]
  remove lib [gcc_s]
  remove lib [gcc]
  remove lib [gcc_s]
  collapse library dir [/usr/lib/gcc/x86_64-redhat-linux/4.4.7] ==> [/usr/lib/gcc/x86_64-redhat-linux/4.4.7]
  collapse library dir [/usr/lib/gcc/x86_64-redhat-linux/4.4.7] ==> [/usr/lib/gcc/x86_64-redhat-linux/4.4.7]
  collapse library dir [/usr/lib/gcc/x86_64-redhat-linux/4.4.7/../../../../lib64] ==> [/usr/lib64]
  collapse library dir [/lib/../lib64] ==> [/lib64]
  collapse library dir [/usr/lib/../lib64] ==> [/usr/lib64]
  collapse library dir [/usr/lib/gcc/x86_64-redhat-linux/4.4.7/../../..] ==> [/usr/lib]
  implicit libs: [c]
  implicit dirs: [/usr/lib/gcc/x86_64-redhat-linux/4.4.7;/usr/lib64;/lib64;/usr/lib]
  implicit fwks: []




Detecting C [-std=c99] compiler features compiled with the following output:
Change Dir: /NIRAL/work/mahmoudm/Subcortical_Processing/Code/GeodesicsOnMeshes/bin//CMakeFiles/CMakeTmp

Run Build Command:"/usr/bin/gmake" "cmTC_8847d/fast"
/usr/bin/gmake -f CMakeFiles/cmTC_8847d.dir/build.make CMakeFiles/cmTC_8847d.dir/build
gmake[1]: Entering directory `/NIRAL/work/mahmoudm/Subcortical_Processing/Code/GeodesicsOnMeshes/bin/CMakeFiles/CMakeTmp'
Building C object CMakeFiles/cmTC_8847d.dir/feature_tests.c.o
cd /work/mahmoudm/Subcortical_Processing/Code/GeodesicsOnMeshes/bin/CMakeFiles/CMakeTmp && /usr/bin/cc    -std=c99 -o CMakeFiles/cmTC_8847d.dir/feature_tests.c.o   -c /work/mahmoudm/Subcortical_Processing/Code/GeodesicsOnMeshes/bin/CMakeFiles/feature_tests.c
Linking C executable cmTC_8847d
cd /work/mahmoudm/Subcortical_Processing/Code/GeodesicsOnMeshes/bin/CMakeFiles/CMakeTmp && /NIRAL/tools/CMake/cmake-3.5.1/bin/cmake -E cmake_link_script CMakeFiles/cmTC_8847d.dir/link.txt --verbose=1
/usr/bin/cc       CMakeFiles/cmTC_8847d.dir/feature_tests.c.o  -o cmTC_8847d -rdynamic 
gmake[1]: Leaving directory `/NIRAL/work/mahmoudm/Subcortical_Processing/Code/GeodesicsOnMeshes/bin/CMakeFiles/CMakeTmp'


    Feature record: C_FEATURE:1c_function_prototypes
    Feature record: C_FEATURE:1c_restrict
    Feature record: C_FEATURE:0c_static_assert
    Feature record: C_FEATURE:1c_variadic_macros


Detecting C [-std=c89] compiler features compiled with the following output:
Change Dir: /NIRAL/work/mahmoudm/Subcortical_Processing/Code/GeodesicsOnMeshes/bin//CMakeFiles/CMakeTmp

Run Build Command:"/usr/bin/gmake" "cmTC_e59c0/fast"
/usr/bin/gmake -f CMakeFiles/cmTC_e59c0.dir/build.make CMakeFiles/cmTC_e59c0.dir/build
gmake[1]: Entering directory `/NIRAL/work/mahmoudm/Subcortical_Processing/Code/GeodesicsOnMeshes/bin/CMakeFiles/CMakeTmp'
Building C object CMakeFiles/cmTC_e59c0.dir/feature_tests.c.o
cd /work/mahmoudm/Subcortical_Processing/Code/GeodesicsOnMeshes/bin/CMakeFiles/CMakeTmp && /usr/bin/cc    -std=c89 -o CMakeFiles/cmTC_e59c0.dir/feature_tests.c.o   -c /work/mahmoudm/Subcortical_Processing/Code/GeodesicsOnMeshes/bin/CMakeFiles/feature_tests.c
Linking C executable cmTC_e59c0
cd /work/mahmoudm/Subcortical_Processing/Code/GeodesicsOnMeshes/bin/CMakeFiles/CMakeTmp && /NIRAL/tools/CMake/cmake-3.5.1/bin/cmake -E cmake_link_script CMakeFiles/cmTC_e59c0.dir/link.txt --verbose=1
/usr/bin/cc       CMakeFiles/cmTC_e59c0.dir/feature_tests.c.o  -o cmTC_e59c0 -rdynamic 
gmake[1]: Leaving directory `/NIRAL/work/mahmoudm/Subcortical_Processing/Code/GeodesicsOnMeshes/bin/CMakeFiles/CMakeTmp'


    Feature record: C_FEATURE:1c_function_prototypes
    Feature record: C_FEATURE:0c_restrict
    Feature record: C_FEATURE:0c_static_assert
    Feature record: C_FEATURE:0c_variadic_macros
Determining if the CXX compiler works passed with the following output:
Change Dir: /NIRAL/work/mahmoudm/Subcortical_Processing/Code/GeodesicsOnMeshes/bin//CMakeFiles/CMakeTmp

Run Build Command:"/usr/bin/gmake" "cmTC_dc123/fast"
/usr/bin/gmake -f CMakeFiles/cmTC_dc123.dir/build.make CMakeFiles/cmTC_dc123.dir/build
gmake[1]: Entering directory `/NIRAL/work/mahmoudm/Subcortical_Processing/Code/GeodesicsOnMeshes/bin/CMakeFiles/CMakeTmp'
Building CXX object CMakeFiles/cmTC_dc123.dir/testCXXCompiler.cxx.o
cd /work/mahmoudm/Subcortical_Processing/Code/GeodesicsOnMeshes/bin/CMakeFiles/CMakeTmp && /usr/bin/c++      -o CMakeFiles/cmTC_dc123.dir/testCXXCompiler.cxx.o -c /work/mahmoudm/Subcortical_Processing/Code/GeodesicsOnMeshes/bin/CMakeFiles/CMakeTmp/testCXXCompiler.cxx
Linking CXX executable cmTC_dc123
cd /work/mahmoudm/Subcortical_Processing/Code/GeodesicsOnMeshes/bin/CMakeFiles/CMakeTmp && /NIRAL/tools/CMake/cmake-3.5.1/bin/cmake -E cmake_link_script CMakeFiles/cmTC_dc123.dir/link.txt --verbose=1
/usr/bin/c++        CMakeFiles/cmTC_dc123.dir/testCXXCompiler.cxx.o  -o cmTC_dc123 -rdynamic 
gmake[1]: Leaving directory `/NIRAL/work/mahmoudm/Subcortical_Processing/Code/GeodesicsOnMeshes/bin/CMakeFiles/CMakeTmp'


Detecting CXX compiler ABI info compiled with the following output:
Change Dir: /NIRAL/work/mahmoudm/Subcortical_Processing/Code/GeodesicsOnMeshes/bin//CMakeFiles/CMakeTmp

Run Build Command:"/usr/bin/gmake" "cmTC_0d83d/fast"
/usr/bin/gmake -f CMakeFiles/cmTC_0d83d.dir/build.make CMakeFiles/cmTC_0d83d.dir/build
gmake[1]: Entering directory `/NIRAL/work/mahmoudm/Subcortical_Processing/Code/GeodesicsOnMeshes/bin/CMakeFiles/CMakeTmp'
Building CXX object CMakeFiles/cmTC_0d83d.dir/CMakeCXXCompilerABI.cpp.o
cd /work/mahmoudm/Subcortical_Processing/Code/GeodesicsOnMeshes/bin/CMakeFiles/CMakeTmp && /usr/bin/c++      -o CMakeFiles/cmTC_0d83d.dir/CMakeCXXCompilerABI.cpp.o -c /NIRAL/tools/CMake/cmake-3.5.1/share/cmake-3.5/Modules/CMakeCXXCompilerABI.cpp
Linking CXX executable cmTC_0d83d
cd /work/mahmoudm/Subcortical_Processing/Code/GeodesicsOnMeshes/bin/CMakeFiles/CMakeTmp && /NIRAL/tools/CMake/cmake-3.5.1/bin/cmake -E cmake_link_script CMakeFiles/cmTC_0d83d.dir/link.txt --verbose=1
/usr/bin/c++       -v CMakeFiles/cmTC_0d83d.dir/CMakeCXXCompilerABI.cpp.o  -o cmTC_0d83d -rdynamic  
Using built-in specs.
Target: x86_64-redhat-linux
Configured with: ../configure --prefix=/usr --mandir=/usr/share/man --infodir=/usr/share/info --with-bugurl=http://bugzilla.redhat.com/bugzilla --enable-bootstrap --enable-shared --enable-threads=posix --enable-checking=release --with-system-zlib --enable-__cxa_atexit --disable-libunwind-exceptions --enable-gnu-unique-object --enable-languages=c,c++,objc,obj-c++,java,fortran,ada --enable-java-awt=gtk --disable-dssi --with-java-home=/usr/lib/jvm/java-1.5.0-gcj-1.5.0.0/jre --enable-libgcj-multifile --enable-java-maintainer-mode --with-ecj-jar=/usr/share/java/eclipse-ecj.jar --disable-libjava-multilib --with-ppl --with-cloog --with-tune=generic --with-arch_32=i686 --build=x86_64-redhat-linux
Thread model: posix
gcc version 4.4.7 20120313 (Red Hat 4.4.7-23) (GCC) 
COMPILER_PATH=/usr/libexec/gcc/x86_64-redhat-linux/4.4.7/:/usr/libexec/gcc/x86_64-redhat-linux/4.4.7/:/usr/libexec/gcc/x86_64-redhat-linux/:/usr/lib/gcc/x86_64-redhat-linux/4.4.7/:/usr/lib/gcc/x86_64-redhat-linux/:/usr/libexec/gcc/x86_64-redhat-linux/4.4.7/:/usr/libexec/gcc/x86_64-redhat-linux/:/usr/lib/gcc/x86_64-redhat-linux/4.4.7/:/usr/lib/gcc/x86_64-redhat-linux/
LIBRARY_PATH=/usr/lib/gcc/x86_64-redhat-linux/4.4.7/:/usr/lib/gcc/x86_64-redhat-linux/4.4.7/:/usr/lib/gcc/x86_64-redhat-linux/4.4.7/../../../../lib64/:/lib/../lib64/:/usr/lib/../lib64/:/usr/lib/gcc/x86_64-redhat-linux/4.4.7/../../../:/lib/:/usr/lib/
COLLECT_GCC_OPTIONS='-v' '-o' 'cmTC_0d83d' '-rdynamic' '-shared-libgcc' '-mtune=generic'
 /usr/libexec/gcc/x86_64-redhat-linux/4.4.7/collect2 --eh-frame-hdr --build-id -m elf_x86_64 --hash-style=gnu -export-dynamic -dynamic-linker /lib64/ld-linux-x86-64.so.2 -o cmTC_0d83d /usr/lib/gcc/x86_64-redhat-linux/4.4.7/../../../../lib64/crt1.o /usr/lib/gcc/x86_64-redhat-linux/4.4.7/../../../../lib64/crti.o /usr/lib/gcc/x86_64-redhat-linux/4.4.7/crtbegin.o -L/usr/lib/gcc/x86_64-redhat-linux/4.4.7 -L/usr/lib/gcc/x86_64-redhat-linux/4.4.7 -L/usr/lib/gcc/x86_64-redhat-linux/4.4.7/../../../../lib64 -L/lib/../lib64 -L/usr/lib/../lib64 -L/usr/lib/gcc/x86_64-redhat-linux/4.4.7/../../.. CMakeFiles/cmTC_0d83d.dir/CMakeCXXCompilerABI.cpp.o -lstdc++ -lm -lgcc_s -lgcc -lc -lgcc_s -lgcc /usr/lib/gcc/x86_64-redhat-linux/4.4.7/crtend.o /usr/lib/gcc/x86_64-redhat-linux/4.4.7/../../../../lib64/crtn.o
gmake[1]: Leaving directory `/NIRAL/work/mahmoudm/Subcortical_Processing/Code/GeodesicsOnMeshes/bin/CMakeFiles/CMakeTmp'


Parsed CXX implicit link information from above output:
  link line regex: [^( *|.*[/\])(ld|([^/\]+-)?ld|collect2)[^/\]*( |$)]
  ignore line: [Change Dir: /NIRAL/work/mahmoudm/Subcortical_Processing/Code/GeodesicsOnMeshes/bin//CMakeFiles/CMakeTmp]
  ignore line: []
  ignore line: [Run Build Command:"/usr/bin/gmake" "cmTC_0d83d/fast"]
  ignore line: [/usr/bin/gmake -f CMakeFiles/cmTC_0d83d.dir/build.make CMakeFiles/cmTC_0d83d.dir/build]
  ignore line: [gmake[1]: Entering directory `/NIRAL/work/mahmoudm/Subcortical_Processing/Code/GeodesicsOnMeshes/bin/CMakeFiles/CMakeTmp']
  ignore line: [Building CXX object CMakeFiles/cmTC_0d83d.dir/CMakeCXXCompilerABI.cpp.o]
  ignore line: [cd /work/mahmoudm/Subcortical_Processing/Code/GeodesicsOnMeshes/bin/CMakeFiles/CMakeTmp && /usr/bin/c++      -o CMakeFiles/cmTC_0d83d.dir/CMakeCXXCompilerABI.cpp.o -c /NIRAL/tools/CMake/cmake-3.5.1/share/cmake-3.5/Modules/CMakeCXXCompilerABI.cpp]
  ignore line: [Linking CXX executable cmTC_0d83d]
  ignore line: [cd /work/mahmoudm/Subcortical_Processing/Code/GeodesicsOnMeshes/bin/CMakeFiles/CMakeTmp && /NIRAL/tools/CMake/cmake-3.5.1/bin/cmake -E cmake_link_script CMakeFiles/cmTC_0d83d.dir/link.txt --verbose=1]
  ignore line: [/usr/bin/c++       -v CMakeFiles/cmTC_0d83d.dir/CMakeCXXCompilerABI.cpp.o  -o cmTC_0d83d -rdynamic  ]
  ignore line: [Using built-in specs.]
  ignore line: [Target: x86_64-redhat-linux]
  ignore line: [Configured with: ../configure --prefix=/usr --mandir=/usr/share/man --infodir=/usr/share/info --with-bugurl=http://bugzilla.redhat.com/bugzilla --enable-bootstrap --enable-shared --enable-threads=posix --enable-checking=release --with-system-zlib --enable-__cxa_atexit --disable-libunwind-exceptions --enable-gnu-unique-object --enable-languages=c,c++,objc,obj-c++,java,fortran,ada --enable-java-awt=gtk --disable-dssi --with-java-home=/usr/lib/jvm/java-1.5.0-gcj-1.5.0.0/jre --enable-libgcj-multifile --enable-java-maintainer-mode --with-ecj-jar=/usr/share/java/eclipse-ecj.jar --disable-libjava-multilib --with-ppl --with-cloog --with-tune=generic --with-arch_32=i686 --build=x86_64-redhat-linux]
  ignore line: [Thread model: posix]
  ignore line: [gcc version 4.4.7 20120313 (Red Hat 4.4.7-23) (GCC) ]
  ignore line: [COMPILER_PATH=/usr/libexec/gcc/x86_64-redhat-linux/4.4.7/:/usr/libexec/gcc/x86_64-redhat-linux/4.4.7/:/usr/libexec/gcc/x86_64-redhat-linux/:/usr/lib/gcc/x86_64-redhat-linux/4.4.7/:/usr/lib/gcc/x86_64-redhat-linux/:/usr/libexec/gcc/x86_64-redhat-linux/4.4.7/:/usr/libexec/gcc/x86_64-redhat-linux/:/usr/lib/gcc/x86_64-redhat-linux/4.4.7/:/usr/lib/gcc/x86_64-redhat-linux/]
  ignore line: [LIBRARY_PATH=/usr/lib/gcc/x86_64-redhat-linux/4.4.7/:/usr/lib/gcc/x86_64-redhat-linux/4.4.7/:/usr/lib/gcc/x86_64-redhat-linux/4.4.7/../../../../lib64/:/lib/../lib64/:/usr/lib/../lib64/:/usr/lib/gcc/x86_64-redhat-linux/4.4.7/../../../:/lib/:/usr/lib/]
  ignore line: [COLLECT_GCC_OPTIONS='-v' '-o' 'cmTC_0d83d' '-rdynamic' '-shared-libgcc' '-mtune=generic']
  link line: [ /usr/libexec/gcc/x86_64-redhat-linux/4.4.7/collect2 --eh-frame-hdr --build-id -m elf_x86_64 --hash-style=gnu -export-dynamic -dynamic-linker /lib64/ld-linux-x86-64.so.2 -o cmTC_0d83d /usr/lib/gcc/x86_64-redhat-linux/4.4.7/../../../../lib64/crt1.o /usr/lib/gcc/x86_64-redhat-linux/4.4.7/../../../../lib64/crti.o /usr/lib/gcc/x86_64-redhat-linux/4.4.7/crtbegin.o -L/usr/lib/gcc/x86_64-redhat-linux/4.4.7 -L/usr/lib/gcc/x86_64-redhat-linux/4.4.7 -L/usr/lib/gcc/x86_64-redhat-linux/4.4.7/../../../../lib64 -L/lib/../lib64 -L/usr/lib/../lib64 -L/usr/lib/gcc/x86_64-redhat-linux/4.4.7/../../.. CMakeFiles/cmTC_0d83d.dir/CMakeCXXCompilerABI.cpp.o -lstdc++ -lm -lgcc_s -lgcc -lc -lgcc_s -lgcc /usr/lib/gcc/x86_64-redhat-linux/4.4.7/crtend.o /usr/lib/gcc/x86_64-redhat-linux/4.4.7/../../../../lib64/crtn.o]
    arg [/usr/libexec/gcc/x86_64-redhat-linux/4.4.7/collect2] ==> ignore
    arg [--eh-frame-hdr] ==> ignore
    arg [--build-id] ==> ignore
    arg [-m] ==> ignore
    arg [elf_x86_64] ==> ignore
    arg [--hash-style=gnu] ==> ignore
    arg [-export-dynamic] ==> ignore
    arg [-dynamic-linker] ==> ignore
    arg [/lib64/ld-linux-x86-64.so.2] ==> ignore
    arg [-o] ==> ignore
    arg [cmTC_0d83d] ==> ignore
    arg [/usr/lib/gcc/x86_64-redhat-linux/4.4.7/../../../../lib64/crt1.o] ==> ignore
    arg [/usr/lib/gcc/x86_64-redhat-linux/4.4.7/../../../../lib64/crti.o] ==> ignore
    arg [/usr/lib/gcc/x86_64-redhat-linux/4.4.7/crtbegin.o] ==> ignore
    arg [-L/usr/lib/gcc/x86_64-redhat-linux/4.4.7] ==> dir [/usr/lib/gcc/x86_64-redhat-linux/4.4.7]
    arg [-L/usr/lib/gcc/x86_64-redhat-linux/4.4.7] ==> dir [/usr/lib/gcc/x86_64-redhat-linux/4.4.7]
    arg [-L/usr/lib/gcc/x86_64-redhat-linux/4.4.7/../../../../lib64] ==> dir [/usr/lib/gcc/x86_64-redhat-linux/4.4.7/../../../../lib64]
    arg [-L/lib/../lib64] ==> dir [/lib/../lib64]
    arg [-L/usr/lib/../lib64] ==> dir [/usr/lib/../lib64]
    arg [-L/usr/lib/gcc/x86_64-redhat-linux/4.4.7/../../..] ==> dir [/usr/lib/gcc/x86_64-redhat-linux/4.4.7/../../..]
    arg [CMakeFiles/cmTC_0d83d.dir/CMakeCXXCompilerABI.cpp.o] ==> ignore
    arg [-lstdc++] ==> lib [stdc++]
    arg [-lm] ==> lib [m]
    arg [-lgcc_s] ==> lib [gcc_s]
    arg [-lgcc] ==> lib [gcc]
    arg [-lc] ==> lib [c]
    arg [-lgcc_s] ==> lib [gcc_s]
    arg [-lgcc] ==> lib [gcc]
    arg [/usr/lib/gcc/x86_64-redhat-linux/4.4.7/crtend.o] ==> ignore
    arg [/usr/lib/gcc/x86_64-redhat-linux/4.4.7/../../../../lib64/crtn.o] ==> ignore
  remove lib [gcc_s]
  remove lib [gcc]
  remove lib [gcc_s]
  remove lib [gcc]
  collapse library dir [/usr/lib/gcc/x86_64-redhat-linux/4.4.7] ==> [/usr/lib/gcc/x86_64-redhat-linux/4.4.7]
  collapse library dir [/usr/lib/gcc/x86_64-redhat-linux/4.4.7] ==> [/usr/lib/gcc/x86_64-redhat-linux/4.4.7]
  collapse library dir [/usr/lib/gcc/x86_64-redhat-linux/4.4.7/../../../../lib64] ==> [/usr/lib64]
  collapse library dir [/lib/../lib64] ==> [/lib64]
  collapse library dir [/usr/lib/../lib64] ==> [/usr/lib64]
  collapse library dir [/usr/lib/gcc/x86_64-redhat-linux/4.4.7/../../..] ==> [/usr/lib]
  implicit libs: [stdc++;m;c]
  implicit dirs: [/usr/lib/gcc/x86_64-redhat-linux/4.4.7;/usr/lib64;/lib64;/usr/lib]
  implicit fwks: []




Detecting CXX [-std=c++0x] compiler features compiled with the following output:
Change Dir: /NIRAL/work/mahmoudm/Subcortical_Processing/Code/GeodesicsOnMeshes/bin//CMakeFiles/CMakeTmp

Run Build Command:"/usr/bin/gmake" "cmTC_83d10/fast"
/usr/bin/gmake -f CMakeFiles/cmTC_83d10.dir/build.make CMakeFiles/cmTC_83d10.dir/build
gmake[1]: Entering directory `/NIRAL/work/mahmoudm/Subcortical_Processing/Code/GeodesicsOnMeshes/bin/CMakeFiles/CMakeTmp'
Building CXX object CMakeFiles/cmTC_83d10.dir/feature_tests.cxx.o
cd /work/mahmoudm/Subcortical_Processing/Code/GeodesicsOnMeshes/bin/CMakeFiles/CMakeTmp && /usr/bin/c++     -std=c++0x -o CMakeFiles/cmTC_83d10.dir/feature_tests.cxx.o -c /work/mahmoudm/Subcortical_Processing/Code/GeodesicsOnMeshes/bin/CMakeFiles/feature_tests.cxx
Linking CXX executable cmTC_83d10
cd /work/mahmoudm/Subcortical_Processing/Code/GeodesicsOnMeshes/bin/CMakeFiles/CMakeTmp && /NIRAL/tools/CMake/cmake-3.5.1/bin/cmake -E cmake_link_script CMakeFiles/cmTC_83d10.dir/link.txt --verbose=1
/usr/bin/c++        CMakeFiles/cmTC_83d10.dir/feature_tests.cxx.o  -o cmTC_83d10 -rdynamic 
gmake[1]: Leaving directory `/NIRAL/work/mahmoudm/Subcortical_Processing/Code/GeodesicsOnMeshes/bin/CMakeFiles/CMakeTmp'


    Feature record: CXX_FEATURE:0cxx_aggregate_default_initializers
    Feature record: CXX_FEATURE:0cxx_alias_templates
    Feature record: CXX_FEATURE:0cxx_alignas
    Feature record: CXX_FEATURE:0cxx_alignof
    Feature record: CXX_FEATURE:0cxx_attributes
    Feature record: CXX_FEATURE:0cxx_attribute_deprecated
    Feature record: CXX_FEATURE:1cxx_auto_type
    Feature record: CXX_FEATURE:0cxx_binary_literals
    Feature record: CXX_FEATURE:0cxx_constexpr
    Feature record: CXX_FEATURE:0cxx_contextual_conversions
    Feature record: CXX_FEATURE:1cxx_decltype
    Feature record: CXX_FEATURE:0cxx_decltype_auto
    Feature record: CXX_FEATURE:0cxx_decltype_incomplete_return_types
    Feature record: CXX_FEATURE:1cxx_default_function_template_args
    Feature record: CXX_FEATURE:1cxx_defaulted_functions
    Feature record: CXX_FEATURE:0cxx_defaulted_move_initializers
    Feature record: CXX_FEATURE:0cxx_delegating_constructors
    Feature record: CXX_FEATURE:1cxx_deleted_functions
    Feature record: CXX_FEATURE:0cxx_digit_separators
    Feature record: CXX_FEATURE:0cxx_enum_forward_declarations
    Feature record: CXX_FEATURE:0cxx_explicit_conversions
    Feature record: CXX_FEATURE:0cxx_extended_friend_declarations
    Feature record: CXX_FEATURE:1cxx_extern_templates
    Feature record: CXX_FEATURE:0cxx_final
    Feature record: CXX_FEATURE:1cxx_func_identifier
    Feature record: CXX_FEATURE:1cxx_generalized_initializers
    Feature record: CXX_FEATURE:0cxx_generic_lambdas
    Feature record: CXX_FEATURE:0cxx_inheriting_constructors
    Feature record: CXX_FEATURE:1cxx_inline_namespaces
    Feature record: CXX_FEATURE:0cxx_lambdas
    Feature record: CXX_FEATURE:0cxx_lambda_init_captures
    Feature record: CXX_FEATURE:0cxx_local_type_template_args
    Feature record: CXX_FEATURE:1cxx_long_long_type
    Feature record: CXX_FEATURE:0cxx_noexcept
    Feature record: CXX_FEATURE:0cxx_nonstatic_member_init
    Feature record: CXX_FEATURE:0cxx_nullptr
    Feature record: CXX_FEATURE:0cxx_override
    Feature record: CXX_FEATURE:0cxx_range_for
    Feature record: CXX_FEATURE:0cxx_raw_string_literals
    Feature record: CXX_FEATURE:0cxx_reference_qualified_functions
    Feature record: CXX_FEATURE:0cxx_relaxed_constexpr
    Feature record: CXX_FEATURE:0cxx_return_type_deduction
    Feature record: CXX_FEATURE:1cxx_right_angle_brackets
    Feature record: CXX_FEATURE:1cxx_rvalue_references
    Feature record: CXX_FEATURE:1cxx_sizeof_member
    Feature record: CXX_FEATURE:1cxx_static_assert
    Feature record: CXX_FEATURE:1cxx_strong_enums
    Feature record: CXX_FEATURE:1cxx_template_template_parameters
    Feature record: CXX_FEATURE:0cxx_thread_local
    Feature record: CXX_FEATURE:1cxx_trailing_return_types
    Feature record: CXX_FEATURE:1cxx_unicode_literals
    Feature record: CXX_FEATURE:1cxx_uniform_initialization
    Feature record: CXX_FEATURE:0cxx_unrestricted_unions
    Feature record: CXX_FEATURE:0cxx_user_literals
    Feature record: CXX_FEATURE:0cxx_variable_templates
    Feature record: CXX_FEATURE:1cxx_variadic_macros
    Feature record: CXX_FEATURE:1cxx_variadic_templates


Detecting CXX [-std=c++98] compiler features compiled with the following output:
Change Dir: /NIRAL/work/mahmoudm/Subcortical_Processing/Code/GeodesicsOnMeshes/bin//CMakeFiles/CMakeTmp

Run Build Command:"/usr/bin/gmake" "cmTC_c0aad/fast"
/usr/bin/gmake -f CMakeFiles/cmTC_c0aad.dir/build.make CMakeFiles/cmTC_c0aad.dir/build
gmake[1]: Entering directory `/NIRAL/work/mahmoudm/Subcortical_Processing/Code/GeodesicsOnMeshes/bin/CMakeFiles/CMakeTmp'
Building CXX object CMakeFiles/cmTC_c0aad.dir/feature_tests.cxx.o
cd /work/mahmoudm/Subcortical_Processing/Code/GeodesicsOnMeshes/bin/CMakeFiles/CMakeTmp && /usr/bin/c++     -std=c++98 -o CMakeFiles/cmTC_c0aad.dir/feature_tests.cxx.o -c /work/mahmoudm/Subcortical_Processing/Code/GeodesicsOnMeshes/bin/CMakeFiles/feature_tests.cxx
Linking CXX executable cmTC_c0aad
cd /work/mahmoudm/Subcortical_Processing/Code/GeodesicsOnMeshes/bin/CMakeFiles/CMakeTmp && /NIRAL/tools/CMake/cmake-3.5.1/bin/cmake -E cmake_link_script CMakeFiles/cmTC_c0aad.dir/link.txt --verbose=1
/usr/bin/c++        CMakeFiles/cmTC_c0aad.dir/feature_tests.cxx.o  -o cmTC_c0aad -rdynamic 
gmake[1]: Leaving directory `/NIRAL/work/mahmoudm/Subcortical_Processing/Code/GeodesicsOnMeshes/bin/CMakeFiles/CMakeTmp'


    Feature record: CXX_FEATURE:0cxx_aggregate_default_initializers
    Feature record: CXX_FEATURE:0cxx_alias_templates
    Feature record: CXX_FEATURE:0cxx_alignas
    Feature record: CXX_FEATURE:0cxx_alignof
    Feature record: CXX_FEATURE:0cxx_attributes
    Feature record: CXX_FEATURE:0cxx_attribute_deprecated
    Feature record: CXX_FEATURE:0cxx_auto_type
    Feature record: CXX_FEATURE:0cxx_binary_literals
    Feature record: CXX_FEATURE:0cxx_constexpr
    Feature record: CXX_FEATURE:0cxx_contextual_conversions
    Feature record: CXX_FEATURE:0cxx_decltype
    Feature record: CXX_FEATURE:0cxx_decltype_auto
    Feature record: CXX_FEATURE:0cxx_decltype_incomplete_return_types
    Feature record: CXX_FEATURE:0cxx_default_function_template_args
    Feature record: CXX_FEATURE:0cxx_defaulted_functions
    Feature record: CXX_FEATURE:0cxx_defaulted_move_initializers
    Feature record: CXX_FEATURE:0cxx_delegating_constructors
    Feature record: CXX_FEATURE:0cxx_deleted_functions
    Feature record: CXX_FEATURE:0cxx_digit_separators
    Feature record: CXX_FEATURE:0cxx_enum_forward_declarations
    Feature record: CXX_FEATURE:0cxx_explicit_conversions
    Feature record: CXX_FEATURE:0cxx_extended_friend_declarations
    Feature record: CXX_FEATURE:0cxx_extern_templates
    Feature record: CXX_FEATURE:0cxx_final
    Feature record: CXX_FEATURE:0cxx_func_identifier
    Feature record: CXX_FEATURE:0cxx_generalized_initializers
    Feature record: CXX_FEATURE:0cxx_generic_lambdas
    Feature record: CXX_FEATURE:0cxx_inheriting_constructors
    Feature record: CXX_FEATURE:0cxx_inline_namespaces
    Feature record: CXX_FEATURE:0cxx_lambdas
    Feature record: CXX_FEATURE:0cxx_lambda_init_captures
    Feature record: CXX_FEATURE:0cxx_local_type_template_args
    Feature record: CXX_FEATURE:0cxx_long_long_type
    Feature record: CXX_FEATURE:0cxx_noexcept
    Feature record: CXX_FEATURE:0cxx_nonstatic_member_init
    Feature record: CXX_FEATURE:0cxx_nullptr
    Feature record: CXX_FEATURE:0cxx_override
    Feature record: CXX_FEATURE:0cxx_range_for
    Feature record: CXX_FEATURE:0cxx_raw_string_literals
    Feature record: CXX_FEATURE:0cxx_reference_qualified_functions
    Feature record: CXX_FEATURE:0cxx_relaxed_constexpr
    Feature record: CXX_FEATURE:0cxx_return_type_deduction
    Feature record: CXX_FEATURE:0cxx_right_angle_brackets
    Feature record: CXX_FEATURE:0cxx_rvalue_references
    Feature record: CXX_FEATURE:0cxx_sizeof_member
    Feature record: CXX_FEATURE:0cxx_static_assert
    Feature record: CXX_FEATURE:0cxx_strong_enums
    Feature record: CXX_FEATURE:1cxx_template_template_parameters
    Feature record: CXX_FEATURE:0cxx_thread_local
    Feature record: CXX_FEATURE:0cxx_trailing_return_types
    Feature record: CXX_FEATURE:0cxx_unicode_literals
    Feature record: CXX_FEATURE:0cxx_uniform_initialization
    Feature record: CXX_FEATURE:0cxx_unrestricted_unions
    Feature record: CXX_FEATURE:0cxx_user_literals
    Feature record: CXX_FEATURE:0cxx_variable_templates
    Feature record: CXX_FEATURE:0cxx_variadic_macros
    Feature record: CXX_FEATURE:0cxx_variadic_templates
